+ = + = + = + = + =11122223333 + = + = + = + = + =
---------------2019-09-02 00:00:01---------------
尝试读取muji:JDVB00916744424
请求接口错误

+ = + = + = + = + =17803872661 + = + = + = + = + =
+ = + = + = + = + =18888888887 + = + = + = + = + =
+ = + = + = + = + =15139906388 + = + = + = + = + =
+ = + = + = + = + =11122223333 + = + = + = + = + =
---------------2019-09-02 00:30:01---------------
尝试读取muji:JDVB00916744424
请求接口错误

+ = + = + = + = + =17803872661 + = + = + = + = + =
+ = + = + = + = + =18888888887 + = + = + = + = + =
+ = + = + = + = + =15139906388 + = + = + = + = + =
+ = + = + = + = + =11122223333 + = + = + = + = + =
---------------2019-09-02 01:00:02---------------
尝试读取muji:JDVB00916744424
请求接口错误

+ = + = + = + = + =17803872661 + = + = + = + = + =
+ = + = + = + = + =18888888887 + = + = + = + = + =
+ = + = + = + = + =15139906388 + = + = + = + = + =
+ = + = + = + = + =11122223333 + = + = + = + = + =
---------------2019-09-02 01:30:01---------------
尝试读取muji:JDVB00916744424
请求接口错误

+ = + = + = + = + =17803872661 + = + = + = + = + =
+ = + = + = + = + =18888888887 + = + = + = + = + =
+ = + = + = + = + =15139906388 + = + = + = + = + =
+ = + = + = + = + =11122223333 + = + = + = + = + =
---------------2019-09-02 02:00:02---------------
尝试读取muji:JDVB00916744424
请求接口错误

+ = + = + = + = + =17803872661 + = + = + = + = + =
+ = + = + = + = + =18888888887 + = + = + = + = + =
+ = + = + = + = + =15139906388 + = + = + = + = + =
+ = + = + = + = + =11122223333 + = + = + = + = + =
---------------2019-09-02 02:30:03---------------
尝试读取muji:JDVB00916744424
请求接口错误

+ = + = + = + = + =17803872661 + = + = + = + = + =
+ = + = + = + = + =18888888887 + = + = + = + = + =
+ = + = + = + = + =15139906388 + = + = + = + = + =
+ = + = + = + = + =11122223333 + = + = + = + = + =
---------------2019-09-02 03:00:01---------------
尝试读取muji:JDVB00916744424
请求接口错误

+ = + = + = + = + =17803872661 + = + = + = + = + =
+ = + = + = + = + =18888888887 + = + = + = + = + =
+ = + = + = + = + =15139906388 + = + = + = + = + =
+ = + = + = + = + =11122223333 + = + = + = + = + =
---------------2019-09-02 03:30:02---------------
尝试读取muji:JDVB00916744424
请求接口错误

+ = + = + = + = + =17803872661 + = + = + = + = + =
+ = + = + = + = + =18888888887 + = + = + = + = + =
+ = + = + = + = + =15139906388 + = + = + = + = + =
+ = + = + = + = + =11122223333 + = + = + = + = + =
---------------2019-09-02 04:00:01---------------
尝试读取muji:JDVB00916744424
请求接口错误

+ = + = + = + = + =17803872661 + = + = + = + = + =
+ = + = + = + = + =18888888887 + = + = + = + = + =
+ = + = + = + = + =15139906388 + = + = + = + = + =
+ = + = + = + = + =11122223333 + = + = + = + = + =
---------------2019-09-02 04:30:01---------------
尝试读取muji:JDVB00916744424
请求接口错误

+ = + = + = + = + =17803872661 + = + = + = + = + =
+ = + = + = + = + =18888888887 + = + = + = + = + =
+ = + = + = + = + =15139906388 + = + = + = + = + =
+ = + = + = + = + =11122223333 + = + = + = + = + =
---------------2019-09-02 05:00:02---------------
尝试读取muji:JDVB00916744424
请求接口错误

+ = + = + = + = + =17803872661 + = + = + = + = + =
+ = + = + = + = + =18888888887 + = + = + = + = + =
+ = + = + = + = + =15139906388 + = + = + = + = + =
+ = + = + = + = + =11122223333 + = + = + = + = + =
---------------2019-09-02 05:30:02---------------
尝试读取muji:JDVB00916744424
请求接口错误

+ = + = + = + = + =17803872661 + = + = + = + = + =
+ = + = + = + = + =18888888887 + = + = + = + = + =
+ = + = + = + = + =15139906388 + = + = + = + = + =
+ = + = + = + = + =11122223333 + = + = + = + = + =
---------------2019-09-02 06:00:02---------------
尝试读取muji:JDVB00916744424
请求接口错误

+ = + = + = + = + =17803872661 + = + = + = + = + =
+ = + = + = + = + =18888888887 + = + = + = + = + =
+ = + = + = + = + =15139906388 + = + = + = + = + =
+ = + = + = + = + =11122223333 + = + = + = + = + =
---------------2019-09-02 06:30:02---------------
尝试读取muji:JDVB00916744424
请求接口错误

+ = + = + = + = + =17803872661 + = + = + = + = + =
+ = + = + = + = + =18888888887 + = + = + = + = + =
+ = + = + = + = + =15139906388 + = + = + = + = + =
+ = + = + = + = + =11122223333 + = + = + = + = + =
---------------2019-09-02 07:00:02---------------
尝试读取muji:JDVB00916744424
请求接口错误

+ = + = + = + = + =17803872661 + = + = + = + = + =
+ = + = + = + = + =18888888887 + = + = + = + = + =
+ = + = + = + = + =15139906388 + = + = + = + = + =
+ = + = + = + = + =11122223333 + = + = + = + = + =
---------------2019-09-02 07:30:02---------------
尝试读取muji:JDVB00916744424
请求接口错误

+ = + = + = + = + =17803872661 + = + = + = + = + =
+ = + = + = + = + =18888888887 + = + = + = + = + =
+ = + = + = + = + =15139906388 + = + = + = + = + =
+ = + = + = + = + =11122223333 + = + = + = + = + =
---------------2019-09-02 08:00:02---------------
尝试读取muji:JDVB00916744424
请求接口错误

+ = + = + = + = + =17803872661 + = + = + = + = + =
+ = + = + = + = + =18888888887 + = + = + = + = + =
+ = + = + = + = + =15139906388 + = + = + = + = + =
+ = + = + = + = + =11122223333 + = + = + = + = + =
---------------2019-09-02 08:30:02---------------
尝试读取muji:JDVB00916744424
请求接口错误

+ = + = + = + = + =17803872661 + = + = + = + = + =
+ = + = + = + = + =18888888887 + = + = + = + = + =
+ = + = + = + = + =15139906388 + = + = + = + = + =
+ = + = + = + = + =11122223333 + = + = + = + = + =
---------------2019-09-02 09:00:01---------------
尝试读取muji:JDVB00916744424
请求接口错误

+ = + = + = + = + =17803872661 + = + = + = + = + =
+ = + = + = + = + =18888888887 + = + = + = + = + =
+ = + = + = + = + =15139906388 + = + = + = + = + =
+ = + = + = + = + =11122223333 + = + = + = + = + =
---------------2019-09-02 09:30:02---------------
尝试读取muji:JDVB00916744424
请求接口错误

+ = + = + = + = + =17803872661 + = + = + = + = + =
+ = + = + = + = + =18888888887 + = + = + = + = + =
+ = + = + = + = + =15139906388 + = + = + = + = + =
+ = + = + = + = + =11122223333 + = + = + = + = + =
---------------2019-09-02 10:00:01---------------
尝试读取muji:JDVB00916744424
请求接口错误

+ = + = + = + = + =17803872661 + = + = + = + = + =
+ = + = + = + = + =18888888887 + = + = + = + = + =
+ = + = + = + = + =15139906388 + = + = + = + = + =
+ = + = + = + = + =11122223333 + = + = + = + = + =
---------------2019-09-02 10:19:02---------------
尝试读取muji:JDVB00916744424
请求接口错误

+ = + = + = + = + =17803872661 + = + = + = + = + =
+ = + = + = + = + =18888888887 + = + = + = + = + =
+ = + = + = + = + =15139906388 + = + = + = + = + =
+ = + = + = + = + =11122223333 + = + = + = + = + =
---------------2019-09-02 10:20:01---------------
尝试读取muji:JDVB00916744424
请求接口错误

+ = + = + = + = + =17803872661 + = + = + = + = + =
+ = + = + = + = + =18888888887 + = + = + = + = + =
+ = + = + = + = + =15139906388 + = + = + = + = + =
+ = + = + = + = + =11122223333 + = + = + = + = + =
---------------2019-09-02 10:30:03---------------
尝试读取muji:JDVB00916744424
请求接口错误

+ = + = + = + = + =17803872661 + = + = + = + = + =
+ = + = + = + = + =18888888887 + = + = + = + = + =
+ = + = + = + = + =15139906388 + = + = + = + = + =
+ = + = + = + = + =11122223333 + = + = + = + = + =
---------------2019-09-02 10:31:03---------------
尝试读取muji:JDVB00916744424
请求接口错误

+ = + = + = + = + =17803872661 + = + = + = + = + =
+ = + = + = + = + =18888888887 + = + = + = + = + =
+ = + = + = + = + =15139906388 + = + = + = + = + =
+ = + = + = + = + =11122223333 + = + = + = + = + =
---------------2019-09-02 10:32:03---------------
尝试读取muji:JDVB00916744424
请求接口错误

+ = + = + = + = + =17803872661 + = + = + = + = + =
+ = + = + = + = + =18888888887 + = + = + = + = + =
+ = + = + = + = + =15139906388 + = + = + = + = + =
+ = + = + = + = + =11122223333 + = + = + = + = + =
---------------2019-09-02 10:33:02---------------
尝试读取muji:JDVB00916744424
Traceback (most recent call last):
  File "/www/wwwroot/idooooo.tk/express/main.py", line 85, in <module>
    send(phoneid)
  File "/www/wwwroot/idooooo.tk/express/main.py", line 72, in send
    state, result, company=company)
  File "/www/wwwroot/idooooo.tk/express/handle.py", line 35, in handle_data
    last_time = result[0].get('time')
IndexError: list index out of range
+ = + = + = + = + =11122223333 + = + = + = + = + =
---------------2019-09-02 10:34:02---------------
尝试读取muji:JDVB00916744424
Traceback (most recent call last):
  File "/www/wwwroot/idooooo.tk/express/main.py", line 85, in <module>
    send(phoneid)
  File "/www/wwwroot/idooooo.tk/express/main.py", line 72, in send
    state, result, company=company)
  File "/www/wwwroot/idooooo.tk/express/handle.py", line 35, in handle_data
    last_time = result[0].get('time')
IndexError: list index out of range
+ = + = + = + = + =11122223333 + = + = + = + = + =
---------------2019-09-02 10:35:02---------------
尝试读取muji:JDVB00916744424
Traceback (most recent call last):
  File "/www/wwwroot/idooooo.tk/express/main.py", line 85, in <module>
    send(phoneid)
  File "/www/wwwroot/idooooo.tk/express/main.py", line 72, in send
    state, result, company=company)
  File "/www/wwwroot/idooooo.tk/express/handle.py", line 35, in handle_data
    last_time = result[0].get('time')
IndexError: list index out of range
+ = + = + = + = + =11122223333 + = + = + = + = + =
---------------2019-09-02 10:36:02---------------
尝试读取muji:JDVB00916744424
Traceback (most recent call last):
  File "/www/wwwroot/idooooo.tk/express/main.py", line 85, in <module>
    send(phoneid)
  File "/www/wwwroot/idooooo.tk/express/main.py", line 72, in send
    state, result, company=company)
  File "/www/wwwroot/idooooo.tk/express/handle.py", line 35, in handle_data
    last_time = result[0].get('time')
IndexError: list index out of range
+ = + = + = + = + =11122223333 + = + = + = + = + =
---------------2019-09-02 10:37:01---------------
尝试读取muji:JDVB00916744424
Traceback (most recent call last):
  File "/www/wwwroot/idooooo.tk/express/main.py", line 85, in <module>
    send(phoneid)
  File "/www/wwwroot/idooooo.tk/express/main.py", line 72, in send
    state, result, company=company)
  File "/www/wwwroot/idooooo.tk/express/handle.py", line 35, in handle_data
    last_time = result[0].get('time')
IndexError: list index out of range
+ = + = + = + = + =11122223333 + = + = + = + = + =
---------------2019-09-02 10:38:02---------------
尝试读取muji:JDVB00916744424
Traceback (most recent call last):
  File "/www/wwwroot/idooooo.tk/express/main.py", line 85, in <module>
    send(phoneid)
  File "/www/wwwroot/idooooo.tk/express/main.py", line 72, in send
    state, result, company=company)
  File "/www/wwwroot/idooooo.tk/express/handle.py", line 35, in handle_data
    last_time = result[0].get('time')
IndexError: list index out of range
+ = + = + = + = + =11122223333 + = + = + = + = + =
---------------2019-09-02 10:39:01---------------
尝试读取muji:JDVB00916744424
Traceback (most recent call last):
  File "/www/wwwroot/idooooo.tk/express/main.py", line 85, in <module>
    send(phoneid)
  File "/www/wwwroot/idooooo.tk/express/main.py", line 72, in send
    state, result, company=company)
  File "/www/wwwroot/idooooo.tk/express/handle.py", line 35, in handle_data
    last_time = result[0].get('time')
IndexError: list index out of range
+ = + = + = + = + =11122223333 + = + = + = + = + =
---------------2019-09-02 10:40:02---------------
尝试读取muji:JDVB00916744424
Traceback (most recent call last):
  File "/www/wwwroot/idooooo.tk/express/main.py", line 85, in <module>
    send(phoneid)
  File "/www/wwwroot/idooooo.tk/express/main.py", line 72, in send
    state, result, company=company)
  File "/www/wwwroot/idooooo.tk/express/handle.py", line 35, in handle_data
    last_time = result[0].get('time')
IndexError: list index out of range
+ = + = + = + = + =11122223333 + = + = + = + = + =
---------------2019-09-02 10:41:01---------------
尝试读取muji:JDVB00916744424
Traceback (most recent call last):
  File "/www/wwwroot/idooooo.tk/express/main.py", line 85, in <module>
    send(phoneid)
  File "/www/wwwroot/idooooo.tk/express/main.py", line 72, in send
    state, result, company=company)
  File "/www/wwwroot/idooooo.tk/express/handle.py", line 35, in handle_data
    last_time = result[0].get('time')
IndexError: list index out of range
+ = + = + = + = + =11122223333 + = + = + = + = + =
---------------2019-09-02 10:42:02---------------
尝试读取muji:JDVB00916744424
Traceback (most recent call last):
  File "/www/wwwroot/idooooo.tk/express/main.py", line 85, in <module>
    send(phoneid)
  File "/www/wwwroot/idooooo.tk/express/main.py", line 72, in send
    state, result, company=company)
  File "/www/wwwroot/idooooo.tk/express/handle.py", line 35, in handle_data
    last_time = result[0].get('time')
IndexError: list index out of range
+ = + = + = + = + =11122223333 + = + = + = + = + =
---------------2019-09-02 10:43:01---------------
尝试读取muji:JDVB00916744424
Traceback (most recent call last):
  File "/www/wwwroot/idooooo.tk/express/main.py", line 85, in <module>
    send(phoneid)
  File "/www/wwwroot/idooooo.tk/express/main.py", line 72, in send
    state, result, company=company)
  File "/www/wwwroot/idooooo.tk/express/handle.py", line 35, in handle_data
    last_time = result[0].get('time')
IndexError: list index out of range
+ = + = + = + = + =11122223333 + = + = + = + = + =
---------------2019-09-02 10:44:02---------------
尝试读取muji:JDVB00916744424
Traceback (most recent call last):
  File "/www/wwwroot/idooooo.tk/express/main.py", line 85, in <module>
    send(phoneid)
  File "/www/wwwroot/idooooo.tk/express/main.py", line 72, in send
    state, result, company=company)
  File "/www/wwwroot/idooooo.tk/express/handle.py", line 35, in handle_data
    last_time = result[0].get('time')
IndexError: list index out of range
+ = + = + = + = + =11122223333 + = + = + = + = + =
---------------2019-09-02 10:45:01---------------
尝试读取muji:JDVB00916744424
Traceback (most recent call last):
  File "/www/wwwroot/idooooo.tk/express/main.py", line 85, in <module>
    send(phoneid)
  File "/www/wwwroot/idooooo.tk/express/main.py", line 72, in send
    state, result, company=company)
  File "/www/wwwroot/idooooo.tk/express/handle.py", line 35, in handle_data
    last_time = result[0].get('time')
IndexError: list index out of range
+ = + = + = + = + =11122223333 + = + = + = + = + =
---------------2019-09-02 10:46:01---------------
尝试读取muji:JDVB00916744424
Traceback (most recent call last):
  File "/www/wwwroot/idooooo.tk/express/main.py", line 85, in <module>
    send(phoneid)
  File "/www/wwwroot/idooooo.tk/express/main.py", line 72, in send
    state, result, company=company)
  File "/www/wwwroot/idooooo.tk/express/handle.py", line 35, in handle_data
    last_time = result[0].get('time')
IndexError: list index out of range
+ = + = + = + = + =11122223333 + = + = + = + = + =
---------------2019-09-02 10:47:02---------------
尝试读取muji:JDVB00916744424
Traceback (most recent call last):
  File "/www/wwwroot/idooooo.tk/express/main.py", line 85, in <module>
    send(phoneid)
  File "/www/wwwroot/idooooo.tk/express/main.py", line 72, in send
    state, result, company=company)
  File "/www/wwwroot/idooooo.tk/express/handle.py", line 35, in handle_data
    last_time = result[0].get('time')
IndexError: list index out of range
+ = + = + = + = + =11122223333 + = + = + = + = + =
---------------2019-09-02 10:48:02---------------
尝试读取muji:JDVB00916744424
Traceback (most recent call last):
  File "/www/wwwroot/idooooo.tk/express/main.py", line 85, in <module>
    send(phoneid)
  File "/www/wwwroot/idooooo.tk/express/main.py", line 72, in send
    state, result, company=company)
  File "/www/wwwroot/idooooo.tk/express/handle.py", line 35, in handle_data
    last_time = result[0].get('time')
IndexError: list index out of range
+ = + = + = + = + =11122223333 + = + = + = + = + =
---------------2019-09-02 10:49:01---------------
尝试读取muji:JDVB00916744424
Traceback (most recent call last):
  File "/www/wwwroot/idooooo.tk/express/main.py", line 85, in <module>
    send(phoneid)
  File "/www/wwwroot/idooooo.tk/express/main.py", line 72, in send
    state, result, company=company)
  File "/www/wwwroot/idooooo.tk/express/handle.py", line 35, in handle_data
    last_time = result[0].get('time')
IndexError: list index out of range
+ = + = + = + = + =11122223333 + = + = + = + = + =
---------------2019-09-02 10:50:02---------------
尝试读取muji:JDVB00916744424
请求接口错误

+ = + = + = + = + =17803872661 + = + = + = + = + =
+ = + = + = + = + =18888888887 + = + = + = + = + =
+ = + = + = + = + =15139906388 + = + = + = + = + =
+ = + = + = + = + =11122223333 + = + = + = + = + =
---------------2019-09-02 10:51:02---------------
尝试读取muji:JDVB00916744424
请求接口错误

+ = + = + = + = + =17803872661 + = + = + = + = + =
+ = + = + = + = + =18888888887 + = + = + = + = + =
+ = + = + = + = + =15139906388 + = + = + = + = + =
+ = + = + = + = + =11122223333 + = + = + = + = + =
---------------2019-09-02 10:52:02---------------
尝试读取muji:JDVB00916744424
请求接口错误

+ = + = + = + = + =17803872661 + = + = + = + = + =
+ = + = + = + = + =18888888887 + = + = + = + = + =
+ = + = + = + = + =15139906388 + = + = + = + = + =
+ = + = + = + = + =11122223333 + = + = + = + = + =
---------------2019-09-02 10:53:02---------------
尝试读取muji:JDVB00916744424
请求接口错误

+ = + = + = + = + =17803872661 + = + = + = + = + =
+ = + = + = + = + =18888888887 + = + = + = + = + =
+ = + = + = + = + =15139906388 + = + = + = + = + =
+ = + = + = + = + =11122223333 + = + = + = + = + =
---------------2019-09-02 10:54:03---------------
尝试读取muji:JDVB00916744424
Traceback (most recent call last):
  File "/www/wwwroot/idooooo.tk/express/main.py", line 85, in <module>
    send(phoneid)
  File "/www/wwwroot/idooooo.tk/express/main.py", line 72, in send
    state, result, company=company)
  File "/www/wwwroot/idooooo.tk/express/handle.py", line 35, in handle_data
    last_time = result[0].get('time')
IndexError: list index out of range
+ = + = + = + = + =11122223333 + = + = + = + = + =
---------------2019-09-02 10:55:02---------------
尝试读取muji:JDVB00916744424
请求接口错误

+ = + = + = + = + =17803872661 + = + = + = + = + =
+ = + = + = + = + =18888888887 + = + = + = + = + =
+ = + = + = + = + =15139906388 + = + = + = + = + =
+ = + = + = + = + =11122223333 + = + = + = + = + =
---------------2019-09-02 10:56:01---------------
尝试读取muji:JDVB00916744424
Traceback (most recent call last):
  File "/www/wwwroot/idooooo.tk/express/main.py", line 85, in <module>
    send(phoneid)
  File "/www/wwwroot/idooooo.tk/express/main.py", line 72, in send
    state, result, company=company)
  File "/www/wwwroot/idooooo.tk/express/handle.py", line 35, in handle_data
    last_time = result[0].get('time')
IndexError: list index out of range
+ = + = + = + = + =11122223333 + = + = + = + = + =
---------------2019-09-02 10:57:02---------------
尝试读取muji:JDVB00916744424
Traceback (most recent call last):
  File "/www/wwwroot/idooooo.tk/express/main.py", line 85, in <module>
    send(phoneid)
  File "/www/wwwroot/idooooo.tk/express/main.py", line 72, in send
    state, result, company=company)
  File "/www/wwwroot/idooooo.tk/express/handle.py", line 35, in handle_data
    last_time = result[0].get('time')
IndexError: list index out of range
+ = + = + = + = + =11122223333 + = + = + = + = + =
---------------2019-09-02 10:58:01---------------
尝试读取muji:JDVB00916744424
Traceback (most recent call last):
  File "/www/wwwroot/idooooo.tk/express/main.py", line 85, in <module>
    send(phoneid)
  File "/www/wwwroot/idooooo.tk/express/main.py", line 72, in send
    state, result, company=company)
  File "/www/wwwroot/idooooo.tk/express/handle.py", line 35, in handle_data
    last_time = result[0].get('time')
IndexError: list index out of range
+ = + = + = + = + =11122223333 + = + = + = + = + =
---------------2019-09-02 10:59:01---------------
尝试读取muji:JDVB00916744424
Traceback (most recent call last):
  File "/www/wwwroot/idooooo.tk/express/main.py", line 85, in <module>
    send(phoneid)
  File "/www/wwwroot/idooooo.tk/express/main.py", line 72, in send
    state, result, company=company)
  File "/www/wwwroot/idooooo.tk/express/handle.py", line 35, in handle_data
    last_time = result[0].get('time')
IndexError: list index out of range
+ = + = + = + = + =11122223333 + = + = + = + = + =
---------------2019-09-02 11:00:02---------------
尝试读取muji:JDVB00916744424
请求接口错误

+ = + = + = + = + =17803872661 + = + = + = + = + =
+ = + = + = + = + =18888888887 + = + = + = + = + =
+ = + = + = + = + =15139906388 + = + = + = + = + =
+ = + = + = + = + =11122223333 + = + = + = + = + =
---------------2019-09-02 11:01:06---------------
尝试读取muji:JDVB00916744424
请求接口错误

+ = + = + = + = + =17803872661 + = + = + = + = + =
+ = + = + = + = + =18888888887 + = + = + = + = + =
+ = + = + = + = + =15139906388 + = + = + = + = + =
+ = + = + = + = + =11122223333 + = + = + = + = + =
---------------2019-09-02 11:02:02---------------
尝试读取muji:JDVB00916744424
请求接口错误

+ = + = + = + = + =17803872661 + = + = + = + = + =
+ = + = + = + = + =18888888887 + = + = + = + = + =
+ = + = + = + = + =15139906388 + = + = + = + = + =
+ = + = + = + = + =11122223333 + = + = + = + = + =
---------------2019-09-02 11:03:02---------------
尝试读取muji:JDVB00916744424
请求接口错误

+ = + = + = + = + =17803872661 + = + = + = + = + =
+ = + = + = + = + =18888888887 + = + = + = + = + =
+ = + = + = + = + =15139906388 + = + = + = + = + =
+ = + = + = + = + =11122223333 + = + = + = + = + =
---------------2019-09-02 11:04:02---------------
尝试读取muji:JDVB00916744424
请求接口错误

+ = + = + = + = + =17803872661 + = + = + = + = + =
+ = + = + = + = + =18888888887 + = + = + = + = + =
+ = + = + = + = + =15139906388 + = + = + = + = + =
+ = + = + = + = + =11122223333 + = + = + = + = + =
---------------2019-09-02 11:05:02---------------
尝试读取muji:JDVB00916744424
请求接口错误

+ = + = + = + = + =17803872661 + = + = + = + = + =
+ = + = + = + = + =18888888887 + = + = + = + = + =
+ = + = + = + = + =15139906388 + = + = + = + = + =
+ = + = + = + = + =11122223333 + = + = + = + = + =
---------------2019-09-02 11:06:02---------------
尝试读取muji:JDVB00916744424
请求接口错误

+ = + = + = + = + =17803872661 + = + = + = + = + =
+ = + = + = + = + =18888888887 + = + = + = + = + =
+ = + = + = + = + =15139906388 + = + = + = + = + =
+ = + = + = + = + =11122223333 + = + = + = + = + =
---------------2019-09-02 11:07:02---------------
尝试读取muji:JDVB00916744424
请求接口错误

+ = + = + = + = + =17803872661 + = + = + = + = + =
+ = + = + = + = + =18888888887 + = + = + = + = + =
+ = + = + = + = + =15139906388 + = + = + = + = + =
+ = + = + = + = + =11122223333 + = + = + = + = + =
---------------2019-09-02 11:08:02---------------
尝试读取muji:JDVB00916744424
请求接口错误

+ = + = + = + = + =17803872661 + = + = + = + = + =
+ = + = + = + = + =18888888887 + = + = + = + = + =
+ = + = + = + = + =15139906388 + = + = + = + = + =
+ = + = + = + = + =11122223333 + = + = + = + = + =
---------------2019-09-02 11:09:02---------------
尝试读取muji:JDVB00916744424
请求接口错误

+ = + = + = + = + =17803872661 + = + = + = + = + =
+ = + = + = + = + =18888888887 + = + = + = + = + =
+ = + = + = + = + =15139906388 + = + = + = + = + =
+ = + = + = + = + =11122223333 + = + = + = + = + =
---------------2019-09-02 11:10:03---------------
尝试读取muji:JDVB00916744424
请求接口错误

+ = + = + = + = + =17803872661 + = + = + = + = + =
+ = + = + = + = + =18888888887 + = + = + = + = + =
+ = + = + = + = + =15139906388 + = + = + = + = + =
+ = + = + = + = + =11122223333 + = + = + = + = + =
---------------2019-09-02 11:11:02---------------
尝试读取muji:JDVB00916744424
请求接口错误

+ = + = + = + = + =17803872661 + = + = + = + = + =
+ = + = + = + = + =18888888887 + = + = + = + = + =
+ = + = + = + = + =15139906388 + = + = + = + = + =
+ = + = + = + = + =11122223333 + = + = + = + = + =
---------------2019-09-02 11:12:02---------------
尝试读取muji:JDVB00916744424
请求接口错误

+ = + = + = + = + =17803872661 + = + = + = + = + =
+ = + = + = + = + =18888888887 + = + = + = + = + =
+ = + = + = + = + =15139906388 + = + = + = + = + =
+ = + = + = + = + =11122223333 + = + = + = + = + =
---------------2019-09-02 11:13:02---------------
尝试读取muji:JDVB00916744424
请求接口错误

+ = + = + = + = + =17803872661 + = + = + = + = + =
+ = + = + = + = + =18888888887 + = + = + = + = + =
+ = + = + = + = + =15139906388 + = + = + = + = + =
+ = + = + = + = + =11122223333 + = + = + = + = + =
---------------2019-09-02 11:14:02---------------
尝试读取muji:JDVB00916744424
请求接口错误

+ = + = + = + = + =17803872661 + = + = + = + = + =
+ = + = + = + = + =18888888887 + = + = + = + = + =
+ = + = + = + = + =15139906388 + = + = + = + = + =
+ = + = + = + = + =11122223333 + = + = + = + = + =
---------------2019-09-02 11:15:01---------------
尝试读取muji:JDVB00916744424
请求接口错误

+ = + = + = + = + =17803872661 + = + = + = + = + =
+ = + = + = + = + =18888888887 + = + = + = + = + =
+ = + = + = + = + =15139906388 + = + = + = + = + =
+ = + = + = + = + =11122223333 + = + = + = + = + =
---------------2019-09-02 11:16:02---------------
尝试读取muji:JDVB00916744424
请求接口错误

+ = + = + = + = + =17803872661 + = + = + = + = + =
+ = + = + = + = + =18888888887 + = + = + = + = + =
+ = + = + = + = + =15139906388 + = + = + = + = + =
+ = + = + = + = + =11122223333 + = + = + = + = + =
---------------2019-09-02 11:17:01---------------
尝试读取muji:JDVB00916744424
请求接口错误

+ = + = + = + = + =17803872661 + = + = + = + = + =
+ = + = + = + = + =18888888887 + = + = + = + = + =
+ = + = + = + = + =15139906388 + = + = + = + = + =
+ = + = + = + = + =11122223333 + = + = + = + = + =
---------------2019-09-02 11:18:02---------------
尝试读取muji:JDVB00916744424
请求接口错误

+ = + = + = + = + =17803872661 + = + = + = + = + =
+ = + = + = + = + =18888888887 + = + = + = + = + =
+ = + = + = + = + =15139906388 + = + = + = + = + =
+ = + = + = + = + =11122223333 + = + = + = + = + =
---------------2019-09-02 11:19:01---------------
尝试读取muji:JDVB00916744424
请求接口错误

+ = + = + = + = + =17803872661 + = + = + = + = + =
+ = + = + = + = + =18888888887 + = + = + = + = + =
+ = + = + = + = + =15139906388 + = + = + = + = + =
+ = + = + = + = + =11122223333 + = + = + = + = + =
---------------2019-09-02 11:20:02---------------
尝试读取muji:JDVB00916744424
请求接口错误

+ = + = + = + = + =17803872661 + = + = + = + = + =
+ = + = + = + = + =18888888887 + = + = + = + = + =
+ = + = + = + = + =15139906388 + = + = + = + = + =
+ = + = + = + = + =11122223333 + = + = + = + = + =
---------------2019-09-02 11:21:02---------------
尝试读取muji:JDVB00916744424
请求接口错误

+ = + = + = + = + =17803872661 + = + = + = + = + =
+ = + = + = + = + =18888888887 + = + = + = + = + =
+ = + = + = + = + =15139906388 + = + = + = + = + =
+ = + = + = + = + =11122223333 + = + = + = + = + =
---------------2019-09-02 11:22:01---------------
尝试读取muji:JDVB00916744424
请求接口错误

+ = + = + = + = + =17803872661 + = + = + = + = + =
+ = + = + = + = + =18888888887 + = + = + = + = + =
+ = + = + = + = + =15139906388 + = + = + = + = + =
+ = + = + = + = + =11122223333 + = + = + = + = + =
---------------2019-09-02 11:23:02---------------
尝试读取muji:JDVB00916744424
请求接口错误

+ = + = + = + = + =17803872661 + = + = + = + = + =
+ = + = + = + = + =18888888887 + = + = + = + = + =
+ = + = + = + = + =15139906388 + = + = + = + = + =
+ = + = + = + = + =11122223333 + = + = + = + = + =
---------------2019-09-02 11:24:01---------------
尝试读取muji:JDVB00916744424
请求接口错误

+ = + = + = + = + =17803872661 + = + = + = + = + =
+ = + = + = + = + =18888888887 + = + = + = + = + =
+ = + = + = + = + =15139906388 + = + = + = + = + =
+ = + = + = + = + =11122223333 + = + = + = + = + =
---------------2019-09-02 11:25:02---------------
尝试读取muji:JDVB00916744424
请求接口错误

+ = + = + = + = + =17803872661 + = + = + = + = + =
+ = + = + = + = + =18888888887 + = + = + = + = + =
+ = + = + = + = + =15139906388 + = + = + = + = + =
+ = + = + = + = + =11122223333 + = + = + = + = + =
---------------2019-09-02 11:26:02---------------
尝试读取muji:JDVB00916744424
请求接口错误

+ = + = + = + = + =17803872661 + = + = + = + = + =
+ = + = + = + = + =18888888887 + = + = + = + = + =
+ = + = + = + = + =15139906388 + = + = + = + = + =
+ = + = + = + = + =11122223333 + = + = + = + = + =
---------------2019-09-02 11:27:01---------------
尝试读取muji:JDVB00916744424
请求接口错误

+ = + = + = + = + =17803872661 + = + = + = + = + =
+ = + = + = + = + =18888888887 + = + = + = + = + =
+ = + = + = + = + =15139906388 + = + = + = + = + =
+ = + = + = + = + =11122223333 + = + = + = + = + =
---------------2019-09-02 11:28:02---------------
尝试读取muji:JDVB00916744424
请求接口错误

+ = + = + = + = + =17803872661 + = + = + = + = + =
+ = + = + = + = + =18888888887 + = + = + = + = + =
+ = + = + = + = + =15139906388 + = + = + = + = + =
+ = + = + = + = + =11122223333 + = + = + = + = + =
---------------2019-09-02 11:29:02---------------
尝试读取袜子:770000092320566
!-袜子-!快递状态变化
更新数据为 : 【北京市】已签收,签收人是本人.风里来,雨里去,汗也撒泪也流,申通小哥一刻不停留.不求服务惊天下,但求好评动我心,给个好评呗！！如有疑问请联系派件员IT产业园：17371034565 ，感谢使用申通快递，期待再次为您服务

---------------2019-09-02 11:29:17---------------
尝试读取muji:JDVB00916744424
请求接口错误

+ = + = + = + = + =17803872661 + = + = + = + = + =
+ = + = + = + = + =18888888887 + = + = + = + = + =
+ = + = + = + = + =15139906388 + = + = + = + = + =
+ = + = + = + = + =11122223333 + = + = + = + = + =
---------------2019-09-02 11:30:02---------------
尝试读取muji:JDVB00916744424
请求接口错误

+ = + = + = + = + =17803872661 + = + = + = + = + =
+ = + = + = + = + =18888888887 + = + = + = + = + =
+ = + = + = + = + =15139906388 + = + = + = + = + =
+ = + = + = + = + =11122223333 + = + = + = + = + =
---------------2019-09-02 11:32:02---------------
尝试读取muji:JDVB00916744424
请求接口错误

+ = + = + = + = + =17803872661 + = + = + = + = + =
+ = + = + = + = + =18888888887 + = + = + = + = + =
+ = + = + = + = + =15139906388 + = + = + = + = + =
+ = + = + = + = + =11122223333 + = + = + = + = + =
---------------2019-09-02 11:33:02---------------
尝试读取muji:JDVB00916744424
请求接口错误

+ = + = + = + = + =17803872661 + = + = + = + = + =
+ = + = + = + = + =18888888887 + = + = + = + = + =
+ = + = + = + = + =15139906388 + = + = + = + = + =
+ = + = + = + = + =11122223333 + = + = + = + = + =
---------------2019-09-02 11:34:01---------------
尝试读取muji:JDVB00916744424
请求接口错误

+ = + = + = + = + =17803872661 + = + = + = + = + =
+ = + = + = + = + =18888888887 + = + = + = + = + =
+ = + = + = + = + =15139906388 + = + = + = + = + =
+ = + = + = + = + =11122223333 + = + = + = + = + =
---------------2019-09-02 11:35:02---------------
尝试读取muji:JDVB00916744424
请求接口错误

+ = + = + = + = + =17803872661 + = + = + = + = + =
+ = + = + = + = + =18888888887 + = + = + = + = + =
+ = + = + = + = + =15139906388 + = + = + = + = + =
+ = + = + = + = + =11122223333 + = + = + = + = + =
---------------2019-09-02 11:36:02---------------
尝试读取muji:JDVB00916744424
请求接口错误

+ = + = + = + = + =17803872661 + = + = + = + = + =
+ = + = + = + = + =18888888887 + = + = + = + = + =
+ = + = + = + = + =15139906388 + = + = + = + = + =
+ = + = + = + = + =11122223333 + = + = + = + = + =
---------------2019-09-02 11:37:02---------------
尝试读取muji:JDVB00916744424
请求接口错误

+ = + = + = + = + =17803872661 + = + = + = + = + =
+ = + = + = + = + =18888888887 + = + = + = + = + =
+ = + = + = + = + =15139906388 + = + = + = + = + =
+ = + = + = + = + =11122223333 + = + = + = + = + =
---------------2019-09-02 11:38:02---------------
尝试读取muji:JDVB00916744424
请求接口错误

+ = + = + = + = + =17803872661 + = + = + = + = + =
+ = + = + = + = + =18888888887 + = + = + = + = + =
+ = + = + = + = + =15139906388 + = + = + = + = + =
+ = + = + = + = + =11122223333 + = + = + = + = + =
---------------2019-09-02 11:39:02---------------
尝试读取muji:JDVB00916744424
请求接口错误

+ = + = + = + = + =17803872661 + = + = + = + = + =
+ = + = + = + = + =18888888887 + = + = + = + = + =
+ = + = + = + = + =15139906388 + = + = + = + = + =
+ = + = + = + = + =11122223333 + = + = + = + = + =
---------------2019-09-02 11:40:02---------------
尝试读取muji:JDVB00916744424
请求接口错误

+ = + = + = + = + =17803872661 + = + = + = + = + =
+ = + = + = + = + =18888888887 + = + = + = + = + =
+ = + = + = + = + =15139906388 + = + = + = + = + =
+ = + = + = + = + =11122223333 + = + = + = + = + =
---------------2019-09-02 11:41:01---------------
尝试读取muji:JDVB00916744424
请求接口错误

+ = + = + = + = + =17803872661 + = + = + = + = + =
+ = + = + = + = + =18888888887 + = + = + = + = + =
+ = + = + = + = + =15139906388 + = + = + = + = + =
+ = + = + = + = + =11122223333 + = + = + = + = + =
---------------2019-09-02 11:42:02---------------
尝试读取muji:JDVB00916744424
请求接口错误

+ = + = + = + = + =17803872661 + = + = + = + = + =
+ = + = + = + = + =18888888887 + = + = + = + = + =
+ = + = + = + = + =15139906388 + = + = + = + = + =
+ = + = + = + = + =11122223333 + = + = + = + = + =
---------------2019-09-02 12:00:02---------------
尝试读取muji:JDVB00916744424
请求接口错误

+ = + = + = + = + =17803872661 + = + = + = + = + =
+ = + = + = + = + =18888888887 + = + = + = + = + =
+ = + = + = + = + =15139906388 + = + = + = + = + =
+ = + = + = + = + =11122223333 + = + = + = + = + =
---------------2019-09-02 12:30:02---------------
尝试读取muji:JDVB00916744424
请求接口错误

+ = + = + = + = + =17803872661 + = + = + = + = + =
+ = + = + = + = + =18888888887 + = + = + = + = + =
+ = + = + = + = + =15139906388 + = + = + = + = + =
+ = + = + = + = + =11122223333 + = + = + = + = + =
---------------2019-09-02 12:36:08---------------
尝试读取muji:JDVB00916744424
!-muji-!快递状态变化
更新数据为 : 您的订单由京东【华东外单分拣中心】送往【北京通州分拣中心】

+ = + = + = + = + =17803872661 + = + = + = + = + =
+ = + = + = + = + =18888888887 + = + = + = + = + =
+ = + = + = + = + =15139906388 + = + = + = + = + =
+ = + = + = + = + =11122223333 + = + = + = + = + =
---------------2019-09-02 12:43:02---------------
尝试读取muji:JDVB00916744424
请求接口错误

+ = + = + = + = + =17803872661 + = + = + = + = + =
+ = + = + = + = + =18888888887 + = + = + = + = + =
+ = + = + = + = + =15139906388 + = + = + = + = + =
+ = + = + = + = + =11122223333 + = + = + = + = + =
---------------2019-09-02 12:44:01---------------
尝试读取muji:JDVB00916744424
请求接口错误

+ = + = + = + = + =17803872661 + = + = + = + = + =
+ = + = + = + = + =18888888887 + = + = + = + = + =
+ = + = + = + = + =15139906388 + = + = + = + = + =
+ = + = + = + = + =11122223333 + = + = + = + = + =
---------------2019-09-02 12:44:15---------------
尝试读取muji:JDVB00916744424
!-muji-!快递状态变化
更新数据为 : 您的订单由京东【华东外单分拣中心】送往【北京通州分拣中心】

+ = + = + = + = + =17803872661 + = + = + = + = + =
+ = + = + = + = + =18888888887 + = + = + = + = + =
+ = + = + = + = + =15139906388 + = + = + = + = + =
+ = + = + = + = + =11122223333 + = + = + = + = + =
---------------2019-09-02 12:45:01---------------
尝试读取muji:JDVB00916744424
请求接口错误

+ = + = + = + = + =17803872661 + = + = + = + = + =
+ = + = + = + = + =18888888887 + = + = + = + = + =
+ = + = + = + = + =15139906388 + = + = + = + = + =
+ = + = + = + = + =11122223333 + = + = + = + = + =
---------------2019-09-02 12:46:02---------------
尝试读取muji:JDVB00916744424
请求接口错误

+ = + = + = + = + =17803872661 + = + = + = + = + =
+ = + = + = + = + =18888888887 + = + = + = + = + =
+ = + = + = + = + =15139906388 + = + = + = + = + =
+ = + = + = + = + =11122223333 + = + = + = + = + =
---------------2019-09-02 12:47:01---------------
尝试读取muji:JDVB00916744424
请求接口错误

+ = + = + = + = + =17803872661 + = + = + = + = + =
+ = + = + = + = + =18888888887 + = + = + = + = + =
+ = + = + = + = + =15139906388 + = + = + = + = + =
+ = + = + = + = + =11122223333 + = + = + = + = + =
---------------2019-09-02 12:48:02---------------
尝试读取muji:JDVB00916744424
请求接口错误

+ = + = + = + = + =17803872661 + = + = + = + = + =
+ = + = + = + = + =18888888887 + = + = + = + = + =
+ = + = + = + = + =15139906388 + = + = + = + = + =
+ = + = + = + = + =11122223333 + = + = + = + = + =
---------------2019-09-02 12:49:01---------------
尝试读取muji:JDVB00916744424
请求接口错误

+ = + = + = + = + =17803872661 + = + = + = + = + =
+ = + = + = + = + =18888888887 + = + = + = + = + =
+ = + = + = + = + =15139906388 + = + = + = + = + =
+ = + = + = + = + =11122223333 + = + = + = + = + =
---------------2019-09-02 12:50:03---------------
尝试读取muji:JDVB00916744424
Traceback (most recent call last):
  File "/www/wwwroot/idooooo.tk/express/main.py", line 66, in send
    api_com, result = detail_proxy(id, company)
  File "/www/wwwroot/idooooo.tk/express/proxy.py", line 10, in detail_proxy
    result = detail_trackingmore_api.detail(code, company)
  File "/www/wwwroot/idooooo.tk/express/api/detail_trackingmore_api.py", line 73, in detail
    build_parems(tracknumber, express)
  File "/www/wwwroot/idooooo.tk/express/api/detail_trackingmore_api.py", line 62, in build_parems
    cur_time)
  File "/www/wwwroot/idooooo.tk/express/api/detail_trackingmore_api.py", line 67, in encrypt
    ctx = execjs.compile(open("./api/js/encryption.js", 'r').read())
FileNotFoundError: [Errno 2] No such file or directory: './api/js/encryption.js'

During handling of the above exception, another exception occurred:

Traceback (most recent call last):
  File "/www/wwwroot/idooooo.tk/express/main.py", line 86, in <module>
    send(phoneid)
  File "/www/wwwroot/idooooo.tk/express/main.py", line 67, in send
    except e :
NameError: name 'e' is not defined
+ = + = + = + = + =11122223333 + = + = + = + = + =
---------------2019-09-02 12:51:01---------------
尝试读取muji:JDVB00916744424
请求接口错误

[Errno 2] No such file or directory: './api/js/encryption.js'
+ = + = + = + = + =17803872661 + = + = + = + = + =
+ = + = + = + = + =18888888887 + = + = + = + = + =
+ = + = + = + = + =15139906388 + = + = + = + = + =
+ = + = + = + = + =11122223333 + = + = + = + = + =
---------------2019-09-02 12:52:02---------------
尝试读取muji:JDVB00916744424
请求接口错误

[Errno 2] No such file or directory: './api/js/encryption.js'
+ = + = + = + = + =17803872661 + = + = + = + = + =
+ = + = + = + = + =18888888887 + = + = + = + = + =
+ = + = + = + = + =15139906388 + = + = + = + = + =
+ = + = + = + = + =11122223333 + = + = + = + = + =
---------------2019-09-02 12:53:01---------------
尝试读取muji:JDVB00916744424
请求接口错误

[Errno 2] No such file or directory: './api/js/encryption.js'
+ = + = + = + = + =17803872661 + = + = + = + = + =
+ = + = + = + = + =18888888887 + = + = + = + = + =
+ = + = + = + = + =15139906388 + = + = + = + = + =
+ = + = + = + = + =11122223333 + = + = + = + = + =
---------------2019-09-02 12:54:02---------------
尝试读取muji:JDVB00916744424
请求接口错误

[Errno 2] No such file or directory: './js/encryption.js'
+ = + = + = + = + =17803872661 + = + = + = + = + =
+ = + = + = + = + =18888888887 + = + = + = + = + =
+ = + = + = + = + =15139906388 + = + = + = + = + =
+ = + = + = + = + =11122223333 + = + = + = + = + =
---------------2019-09-02 12:55:02---------------
尝试读取muji:JDVB00916744424
请求接口错误

[Errno 2] No such file or directory: './js/encryption.js'
+ = + = + = + = + =17803872661 + = + = + = + = + =
+ = + = + = + = + =18888888887 + = + = + = + = + =
+ = + = + = + = + =15139906388 + = + = + = + = + =
+ = + = + = + = + =11122223333 + = + = + = + = + =
---------------2019-09-02 12:56:01---------------
尝试读取muji:JDVB00916744424
请求接口错误

[Errno 2] No such file or directory: './js/encryption.js'
+ = + = + = + = + =17803872661 + = + = + = + = + =
+ = + = + = + = + =18888888887 + = + = + = + = + =
+ = + = + = + = + =15139906388 + = + = + = + = + =
+ = + = + = + = + =11122223333 + = + = + = + = + =
---------------2019-09-02 12:57:02---------------
尝试读取muji:JDVB00916744424
请求接口错误

[Errno 2] No such file or directory: './js/encryption.js'
+ = + = + = + = + =17803872661 + = + = + = + = + =
+ = + = + = + = + =18888888887 + = + = + = + = + =
+ = + = + = + = + =15139906388 + = + = + = + = + =
+ = + = + = + = + =11122223333 + = + = + = + = + =
---------------2019-09-02 12:58:01---------------
尝试读取muji:JDVB00916744424
请求接口错误

[Errno 2] No such file or directory: './js/encryption.js'
+ = + = + = + = + =17803872661 + = + = + = + = + =
+ = + = + = + = + =18888888887 + = + = + = + = + =
+ = + = + = + = + =15139906388 + = + = + = + = + =
+ = + = + = + = + =11122223333 + = + = + = + = + =
---------------2019-09-02 12:59:02---------------
尝试读取muji:JDVB00916744424
请求接口错误

[Errno 2] No such file or directory: './js/encryption.js'
+ = + = + = + = + =17803872661 + = + = + = + = + =
+ = + = + = + = + =18888888887 + = + = + = + = + =
+ = + = + = + = + =15139906388 + = + = + = + = + =
+ = + = + = + = + =11122223333 + = + = + = + = + =
---------------2019-09-02 13:00:01---------------
尝试读取muji:JDVB00916744424
请求接口错误

[Errno 2] No such file or directory: './js/encryption.js'
+ = + = + = + = + =17803872661 + = + = + = + = + =
+ = + = + = + = + =18888888887 + = + = + = + = + =
+ = + = + = + = + =15139906388 + = + = + = + = + =
+ = + = + = + = + =11122223333 + = + = + = + = + =
---------------2019-09-02 13:01:03---------------
尝试读取muji:JDVB00916744424
请求接口错误

[Errno 2] No such file or directory: './js/encryption.js'
+ = + = + = + = + =17803872661 + = + = + = + = + =
+ = + = + = + = + =18888888887 + = + = + = + = + =
+ = + = + = + = + =15139906388 + = + = + = + = + =
+ = + = + = + = + =11122223333 + = + = + = + = + =
---------------2019-09-02 13:02:01---------------
尝试读取muji:JDVB00916744424
请求接口错误

[Errno 2] No such file or directory: './js/encryption.js'
+ = + = + = + = + =17803872661 + = + = + = + = + =
+ = + = + = + = + =18888888887 + = + = + = + = + =
+ = + = + = + = + =15139906388 + = + = + = + = + =
+ = + = + = + = + =11122223333 + = + = + = + = + =
---------------2019-09-02 13:03:01---------------
尝试读取muji:JDVB00916744424
!-muji-!快递状态变化
更新数据为 : 您的订单由京东【华东外单分拣中心】送往【北京通州分拣中心】

+ = + = + = + = + =17803872661 + = + = + = + = + =
+ = + = + = + = + =18888888887 + = + = + = + = + =
+ = + = + = + = + =15139906388 + = + = + = + = + =
+ = + = + = + = + =11122223333 + = + = + = + = + =
---------------2019-09-02 13:04:01---------------
尝试读取muji:JDVB00916744424
未更新数据.

+ = + = + = + = + =17803872661 + = + = + = + = + =
+ = + = + = + = + =18888888887 + = + = + = + = + =
+ = + = + = + = + =15139906388 + = + = + = + = + =
+ = + = + = + = + =11122223333 + = + = + = + = + =
---------------2019-09-02 13:30:02---------------
尝试读取muji:JDVB00916744424
未更新数据.

+ = + = + = + = + =17803872661 + = + = + = + = + =
+ = + = + = + = + =18888888887 + = + = + = + = + =
+ = + = + = + = + =15139906388 + = + = + = + = + =
+ = + = + = + = + =11122223333 + = + = + = + = + =
---------------2019-09-02 14:00:01---------------
尝试读取muji:JDVB00916744424
未更新数据.

+ = + = + = + = + =17803872661 + = + = + = + = + =
+ = + = + = + = + =18888888887 + = + = + = + = + =
+ = + = + = + = + =15139906388 + = + = + = + = + =
